<?xml version="1.0" encoding="UTF-8"?>
<!-- Generated by org.testng.reporters.JUnitReportReporter -->
<testsuite hostname="LAPTOP-O03F5P6F" failures="0" tests="1" name="mavenpractice.JavaTest" time="0.012" errors="0" timestamp="2024-05-31T10:42:55 IST" skipped="0">
  <testcase classname="mavenpractice.JavaTest" name="deleteContactTest" time="0.012"/>
  <system-out/>
</testsuite> <!-- mavenpractice.JavaTest -->
